<?xml version="1.0" encoding="UTF-8"?>
<testng-results skipped="0" failed="1" total="4" passed="3">
  <reporter-output>
  </reporter-output>
  <suite name="Default suite" duration-ms="22799" started-at="2019-04-17T14:32:53Z" finished-at="2019-04-17T14:33:16Z">
    <groups>
    </groups>
    <test name="Default test" duration-ms="22799" started-at="2019-04-17T14:32:53Z" finished-at="2019-04-17T14:33:16Z">
      <class name="com.lingoda.test.regression.LingodaTest">
        <test-method status="PASS" signature="setUp()[pri:0, instance:com.lingoda.test.regression.LingodaTest@6fffcba5]" name="setUp" is-config="true" duration-ms="3393" started-at="2019-04-17T20:02:53Z" finished-at="2019-04-17T20:02:57Z">
          <reporter-output>
          </reporter-output>
        </test-method> <!-- setUp -->
        <test-method status="PASS" signature="openAmazon()[pri:0, instance:com.lingoda.test.regression.LingodaTest@6fffcba5]" name="openAmazon" duration-ms="3177" started-at="2019-04-17T20:02:57Z" finished-at="2019-04-17T20:03:00Z">
          <reporter-output>
          </reporter-output>
        </test-method> <!-- openAmazon -->
        <test-method status="PASS" signature="searchBatman()[pri:0, instance:com.lingoda.test.regression.LingodaTest@6fffcba5]" name="searchBatman" duration-ms="11024" started-at="2019-04-17T20:03:00Z" finished-at="2019-04-17T20:03:11Z">
          <reporter-output>
          </reporter-output>
        </test-method> <!-- searchBatman -->
        <test-method status="PASS" signature="checkNumber()[pri:0, instance:com.lingoda.test.regression.LingodaTest@6fffcba5]" name="checkNumber" duration-ms="213" started-at="2019-04-17T20:03:11Z" finished-at="2019-04-17T20:03:11Z">
          <reporter-output>
          </reporter-output>
        </test-method> <!-- checkNumber -->
        <test-method status="FAIL" signature="checkTitleAndPrice()[pri:0, instance:com.lingoda.test.regression.LingodaTest@6fffcba5]" name="checkTitleAndPrice" duration-ms="3805" started-at="2019-04-17T20:03:11Z" finished-at="2019-04-17T20:03:15Z">
          <exception class="java.lang.AssertionError">
            <message>
              <![CDATA[expected [Frank Miller] but found [Batman, Bd. 1: Der Rat der Eulen]]]>
            </message>
            <full-stacktrace>
              <![CDATA[java.lang.AssertionError: expected [Frank Miller] but found [Batman, Bd. 1: Der Rat der Eulen]
	at org.testng.Assert.fail(Assert.java:94)
	at org.testng.Assert.failNotEquals(Assert.java:494)
	at org.testng.Assert.assertEquals(Assert.java:123)
	at org.testng.Assert.assertEquals(Assert.java:176)
	at org.testng.Assert.assertEquals(Assert.java:186)
	at com.lingoda.test.regression.LingodaTest.checkTitleAndPrice(LingodaTest.java:84)
	at sun.reflect.NativeMethodAccessorImpl.invoke0(Native Method)
	at sun.reflect.NativeMethodAccessorImpl.invoke(NativeMethodAccessorImpl.java:62)
	at sun.reflect.DelegatingMethodAccessorImpl.invoke(DelegatingMethodAccessorImpl.java:43)
	at java.lang.reflect.Method.invoke(Method.java:483)
	at org.testng.internal.MethodInvocationHelper.invokeMethod(MethodInvocationHelper.java:80)
	at org.testng.internal.Invoker.invokeMethod(Invoker.java:714)
	at org.testng.internal.Invoker.invokeTestMethod(Invoker.java:901)
	at org.testng.internal.Invoker.invokeTestMethods(Invoker.java:1231)
	at org.testng.internal.TestMethodWorker.invokeTestMethods(TestMethodWorker.java:127)
	at org.testng.internal.TestMethodWorker.run(TestMethodWorker.java:111)
	at org.testng.TestRunner.privateRun(TestRunner.java:767)
	at org.testng.TestRunner.run(TestRunner.java:617)
	at org.testng.SuiteRunner.runTest(SuiteRunner.java:334)
	at org.testng.SuiteRunner.runSequentially(SuiteRunner.java:329)
	at org.testng.SuiteRunner.privateRun(SuiteRunner.java:291)
	at org.testng.SuiteRunner.run(SuiteRunner.java:240)
	at org.testng.SuiteRunnerWorker.runSuite(SuiteRunnerWorker.java:52)
	at org.testng.SuiteRunnerWorker.run(SuiteRunnerWorker.java:86)
	at org.testng.TestNG.runSuitesSequentially(TestNG.java:1198)
	at org.testng.TestNG.runSuitesLocally(TestNG.java:1123)
	at org.testng.TestNG.run(TestNG.java:1031)
	at org.testng.remote.RemoteTestNG.run(RemoteTestNG.java:115)
	at org.testng.remote.RemoteTestNG.initAndRun(RemoteTestNG.java:207)
	at org.testng.remote.RemoteTestNG.main(RemoteTestNG.java:178)
]]>
            </full-stacktrace>
          </exception> <!-- java.lang.AssertionError -->
          <reporter-output>
          </reporter-output>
        </test-method> <!-- checkTitleAndPrice -->
        <test-method status="PASS" signature="tearDown()[pri:0, instance:com.lingoda.test.regression.LingodaTest@6fffcba5]" name="tearDown" is-config="true" duration-ms="1168" started-at="2019-04-17T20:03:15Z" finished-at="2019-04-17T20:03:16Z">
          <reporter-output>
          </reporter-output>
        </test-method> <!-- tearDown -->
      </class> <!-- com.lingoda.test.regression.LingodaTest -->
    </test> <!-- Default test -->
  </suite> <!-- Default suite -->
</testng-results>
